<?xml version="1.0" encoding="UTF-8"?>
<testng-results ignored="0" total="1" passed="1" failed="0" skipped="0">
  <reporter-output>
  </reporter-output>
  <suite started-at="2020-08-15T15:33:58 IST" name="Surefire suite" finished-at="2020-08-15T15:34:04 IST" duration-ms="6474">
    <groups>
    </groups>
    <test started-at="2020-08-15T15:33:58 IST" name="Surefire test" finished-at="2020-08-15T15:34:04 IST" duration-ms="6474">
      <class name="Smoke.AppTest">
        <test-method signature="shouldAnswerWithTrue()[pri:0, instance:Smoke.AppTest@2f490758]" started-at="2020-08-15T15:33:58 IST" name="shouldAnswerWithTrue" finished-at="2020-08-15T15:34:04 IST" duration-ms="6448" status="PASS">
          <reporter-output>
          </reporter-output>
        </test-method> <!-- shouldAnswerWithTrue -->
      </class> <!-- Smoke.AppTest -->
    </test> <!-- Surefire test -->
  </suite> <!-- Surefire suite -->
</testng-results>
